<?xml version="1.0" encoding="UTF-8"?>
<!-- Generated by org.testng.reporters.JUnitReportReporter -->
<testsuite skipped="0" hostname="Dell" name="authentication.PatchIssues" tests="1" failures="0" timestamp="19 Aug 2018 06:36:19 GMT" time="1.858" errors="0">
  <testcase name="patchIssues" time="1.858" classname="authentication.PatchIssues"/>
</testsuite> <!-- authentication.PatchIssues -->
