<?xml version="1.0" encoding="UTF-8"?>
<!-- Generated by org.testng.reporters.JUnitReportReporter -->
<testsuite skipped="0" hostname="Dell" name="JiraTests.GetIssuesfrom8Hours" tests="1" failures="0" timestamp="18 Aug 2018 17:09:50 GMT" time="8.845" errors="0">
  <testcase name="getAllIssues" time="8.845" classname="JiraTests.GetIssuesfrom8Hours"/>
</testsuite> <!-- JiraTests.GetIssuesfrom8Hours -->
