<?xml version="1.0" encoding="UTF-8"?>
<!-- Generated by org.testng.reporters.JUnitReportReporter -->
<testsuite skipped="0" hostname="Dell" name="ServiceNowTest.GetCR" tests="1" failures="0" timestamp="19 Aug 2018 05:42:44 GMT" time="9.592" errors="0">
  <testcase name="getCR" time="9.592" classname="ServiceNowTest.GetCR"/>
</testsuite> <!-- ServiceNowTest.GetCR -->
