<?xml version="1.0" encoding="UTF-8"?>
<!-- Generated by org.testng.reporters.JUnitReportReporter -->
<testsuite skipped="0" hostname="Dell" name="JiraTests.GetAllIssues" tests="1" failures="0" timestamp="18 Aug 2018 06:21:35 GMT" time="8.305" errors="0">
  <testcase name="getAllIssues" time="8.305" classname="JiraTests.GetAllIssues"/>
</testsuite> <!-- JiraTests.GetAllIssues -->
