<?xml version="1.0" encoding="UTF-8"?>
<!-- Generated by org.testng.reporters.JUnitReportReporter -->
<testsuite skipped="0" hostname="Dell" name="JiraTests.DeleteIssue" tests="1" failures="0" timestamp="18 Aug 2018 07:48:46 GMT" time="10.053" errors="0">
  <testcase name="deleteIssue" time="10.053" classname="JiraTests.DeleteIssue"/>
</testsuite> <!-- JiraTests.DeleteIssue -->
